Arguments: 
  /home/luk/.nvm/versions/node/v16.20.1/bin/node /home/luk/.nvm/versions/node/v16.20.1/bin/yarn install

PATH: 
  /home/luk/.nvm/versions/node/v16.20.1/bin:/home/luk/.local/bin:/usr/local/sbin:/usr/local/bin:/usr/sbin:/usr/bin:/sbin:/bin:/usr/games:/usr/local/games:/snap/bin:/snap/bin:/home/luk/.local/share/JetBrains/Toolbox/scripts

Yarn version: 
  1.22.19

Node version: 
  16.20.1

Platform: 
  linux x64

Trace: 
  Error: EACCES: permission denied, mkdir '/home/luk/Documents/perso/RainWaterTank/node_modules/acorn'

npm manifest: 
  {
  	"name": "rainwatertank",
  	"version": "0.0.1",
  	"private": true,
  	"scripts": {
  		"dev": "vite dev --host",
  		"build": "vite build",
  		"preview": "vite preview",
  		"check": "svelte-kit sync && svelte-check --tsconfig ./tsconfig.json",
  		"check:watch": "svelte-kit sync && svelte-check --tsconfig ./tsconfig.json --watch",
  		"test": "vitest",
  		"lint": "prettier --plugin-search-dir . --check . && eslint .",
  		"format": "prettier --plugin-search-dir . --write ."
  	},
  	"devDependencies": {
  		"@sveltejs/adapter-auto": "^2.0.0",
  		"@sveltejs/kit": "^1.20.4",
  		"@typescript-eslint/eslint-plugin": "^6.0.0",
  		"@typescript-eslint/parser": "^6.0.0",
  		"eslint": "^8.28.0",
  		"eslint-config-prettier": "^8.5.0",
  		"eslint-plugin-svelte": "^2.30.0",
  		"prettier": "^2.8.0",
  		"prettier-plugin-svelte": "^2.10.1",
  		"svelte": "^4.0.5",
  		"svelte-check": "^3.4.3",
  		"tslib": "^2.4.1",
  		"typescript": "^5.0.0",
  		"vite": "^4.4.2",
  		"vitest": "^0.34.0"
  	},
  	"type": "module",
  	"dependencies": {
  		"@ffmpeg-installer/ffmpeg": "^1.1.0",
  		"@svelteuidev/composables": "^0.15.3",
  		"@svelteuidev/core": "^0.15.3",
  		"@svelteuidev/motion": "^0.15.3",
  		"@types/fluent-ffmpeg": "^2.1.22",
  		"dotenv": "^16.3.1",
  		"ffmpeg-static": "^5.2.0",
  		"fluent-ffmpeg": "^2.1.2",
  		"mongodb": "^6.1.0",
  		"radix-icons-svelte": "^1.2.1",
  		"soundcloud.ts": "^0.5.2"
  	}
  }

yarn manifest: 
  No manifest

Lockfile: 
  No lockfile
